2024-06-20 21:23:00,221 :INFO : test_menubar :chrome
2024-06-20 21:23:00,221 :INFO : test_menubar :start
2024-06-20 21:23:20,290 :INFO : test_menubar :chrome
2024-06-20 21:23:20,290 :INFO : test_menubar :start
2024-06-20 21:23:47,221 :INFO : test_menubar :chrome
2024-06-20 21:23:47,222 :INFO : test_menubar :start
2024-06-20 21:23:47,821 :INFO : test_menubar :None
2024-06-20 21:23:47,822 :INFO : test_menubar :end
2024-06-20 21:26:12,528 :INFO : test_menubar :chrome
2024-06-20 21:26:12,528 :INFO : test_menubar :start
2024-06-20 21:26:13,049 :INFO : test_menubar :None
2024-06-20 21:26:13,049 :INFO : test_menubar :end
2024-07-02 16:36:20,699 :INFO : test_HomePage :chrome
2024-07-02 16:37:55,248 :INFO : test_HomePage :chrome
2024-07-02 16:52:02,395 :INFO : test_HomePage :chrome
2024-07-02 16:55:48,996 :INFO : test_HomePage :chrome
2024-07-02 16:56:13,685 :INFO : test_HomePage :chrome
2024-07-02 16:59:04,189 :INFO : test_HomePage :chrome
2024-07-02 17:00:51,087 :INFO : test_HomePage :chrome
2024-07-02 17:03:35,369 :INFO : test_HomePage :chrome
2024-07-02 17:04:38,623 :INFO : test_HomePage :chrome
2024-07-02 17:04:59,024 :INFO : test_HomePage :chrome
2024-07-02 17:05:35,769 :INFO : test_HomePage :chrome
2024-07-02 17:34:03,554 :INFO : test_HomePage :chrome
2024-07-02 18:08:01,732 :INFO : test_HomePage :chrome
2024-07-02 18:09:44,595 :INFO : test_HomePage :chrome
2024-07-02 18:09:44,597 :INFO : test_HomePage :start






2024-08-08 19:15:05,444 :INFO : test_Business_of_Medicine :{'200px', 'fill', '300px', '1320px', 'auto', '0px', '100%', '0px none rgba(0, 0, 0, 0.5)', '500px', 'none', '971.844px'}
2024-08-08 19:15:05,446 :INFO : test_Business_of_Medicine :{'width': 1920, 'height': 1055}
2024-08-08 19:15:33,814 :INFO : test_Business_of_Medicine :{'100%', '1320px', 'none', 'auto', 'fill', '971.844px', '0px', '500px', '300px', '200px', '0px none rgba(0, 0, 0, 0.5)'}
2024-08-08 19:15:33,816 :INFO : test_Business_of_Medicine :{'width': 1936, 'height': 1056}
2024-08-08 19:16:11,694 :INFO : test_Business_of_Medicine :{'240px', '0px', '100%', '344px', '400px', 'none', '300px', 'auto', 'fill', '0px none rgba(0, 0, 0, 0.5)'}
2024-08-08 19:16:11,696 :INFO : test_Business_of_Medicine :{'width': 384, 'height': 693}
2024-08-08 19:16:47,624 :INFO : test_Business_of_Medicine :{'fill', '0px', '100%', '0px none rgba(0, 0, 0, 0.5)', '780px', '439px', 'none', '200px', '300px', 'auto'}
2024-08-08 19:16:47,626 :INFO : test_Business_of_Medicine :{'width': 820, 'height': 1180}
2024-08-08 19:19:58,548 :INFO : test_Business_of_Medicine :chrome
2024-08-08 19:20:00,733 :INFO : test_Business_of_Medicine :start
2024-08-08 19:21:41,646 :INFO : test_Business_of_Medicine :chrome
2024-08-08 19:21:44,260 :INFO : test_Business_of_Medicine :start
2024-08-08 19:22:49,078 :INFO : test_Business_of_Medicine :MicrosoftEdge
2024-08-08 19:22:52,399 :INFO : test_Business_of_Medicine :start
2024-08-08 19:24:08,761 :INFO : test_Business_of_Medicine :safari
2024-08-08 19:24:08,886 :INFO : test_Business_of_Medicine :start
2024-08-08 19:24:10,579 :INFO : test_Business_of_Medicine :start
2024-08-08 19:30:26,178 :INFO : test_Business_of_Medicine :chrome
2024-08-08 19:30:29,189 :INFO : test_Business_of_Medicine :start
2024-08-08 19:32:18,726 :INFO : test_Business_of_Medicine :chrome
2024-08-08 19:32:22,329 :INFO : test_Business_of_Medicine :start
2024-08-08 19:33:27,971 :INFO : test_Business_of_Medicine :safari
2024-08-08 19:33:28,037 :INFO : test_Business_of_Medicine :start
2024-08-08 19:33:30,011 :INFO : test_Business_of_Medicine :start
2024-08-08 19:34:49,383 :INFO : test_Business_of_Medicine :MicrosoftEdge
2024-08-08 19:34:53,549 :INFO : test_Business_of_Medicine :start
2024-08-08 20:17:37,318 :INFO : test_Business_of_Medicine :{'0px none rgba(0, 0, 0, 0.5)', '63px', 'fill', '200px', 'auto', '100px', '100%', '0px', 'none', '1px solid rgb(191, 191, 191)', '230px', '0px solid rgb(191, 191, 191)'}
2024-08-08 20:17:37,320 :INFO : test_Business_of_Medicine :{'width': 1936, 'height': 1056}
2024-08-08 20:18:21,508 :INFO : test_Business_of_Medicine :{'none', '100%', '1px solid rgb(191, 191, 191)', '0px none rgba(0, 0, 0, 0.5)', '230px', '200px', '283px', 'auto', 'fill', '0px solid rgb(191, 191, 191)', '0px'}
2024-08-08 20:18:21,510 :INFO : test_Business_of_Medicine :{'width': 820, 'height': 1180}
2024-08-08 20:19:12,811 :INFO : test_Business_of_Medicine :{'0px solid rgb(191, 191, 191)', '100px', 'none', 'auto', '200px', '63px', '0px none rgba(0, 0, 0, 0.5)', '0px', '230px', '0.711111px solid rgb(191, 191, 191)', 'fill', '100%'}
2024-08-08 20:19:12,813 :INFO : test_Business_of_Medicine :{'width': 384, 'height': 693}
2024-08-08 20:19:42,906 :INFO : test_Business_of_Medicine :{'0px none rgba(0, 0, 0, 0.5)', '63px', '0px', '100%', '230px', '0px solid rgb(191, 191, 191)', 'fill', 'none', '200px', 'auto', '100px', '1px solid rgb(191, 191, 191)'}
2024-08-08 20:19:42,909 :INFO : test_Business_of_Medicine :{'width': 1920, 'height': 1055}
2024-08-08 20:24:53,167 :INFO : test_Business_of_Medicine :chrome
2024-08-08 20:24:55,482 :INFO : test_Business_of_Medicine :start
2024-08-08 20:25:55,150 :INFO : test_Business_of_Medicine :chrome
2024-08-08 20:25:57,550 :INFO : test_Business_of_Medicine :start
2024-08-08 20:27:44,724 :INFO : test_Business_of_Medicine :safari
2024-08-08 20:27:44,913 :INFO : test_Business_of_Medicine :start
2024-08-08 20:27:47,389 :INFO : test_Business_of_Medicine :start
2024-08-08 20:29:18,956 :INFO : test_Business_of_Medicine :MicrosoftEdge
2024-08-08 20:29:25,242 :INFO : test_Business_of_Medicine :start
2024-08-08 20:34:10,436 :INFO : test_Business_of_Medicine :chrome
2024-08-08 20:34:12,544 :INFO : test_Business_of_Medicine :start
2024-08-08 20:36:00,250 :INFO : test_Business_of_Medicine :safari
2024-08-08 20:36:00,313 :INFO : test_Business_of_Medicine :start
2024-08-08 20:36:02,303 :INFO : test_Business_of_Medicine :start
2024-08-08 20:37:22,090 :INFO : test_Business_of_Medicine :MicrosoftEdge
2024-08-08 20:37:24,901 :INFO : test_Business_of_Medicine :start
2024-08-08 20:38:35,778 :INFO : test_Business_of_Medicine :chrome
2024-08-08 20:38:38,788 :INFO : test_Business_of_Medicine :start
